Copyright 1986-2018 Xilinx, Inc. All Rights Reserved.
----------------------------------------------------------------------------------------------------------------------------------------------
| Tool Version     : Vivado v.2018.1 (win64) Build 2188600 Wed Apr  4 18:40:38 MDT 2018
| Date             : Fri Nov  1 12:33:53 2019
| Host             : DESKTOP-89AAFLI running 64-bit major release  (build 9200)
| Command          : report_power -file robot_A7_power_routed.rpt -pb robot_A7_power_summary_routed.pb -rpx robot_A7_power_routed.rpx
| Design           : robot_A7
| Device           : xc7a35tcpg236-1
| Design State     : routed
| Grade            : commercial
| Process          : typical
| Characterization : Production
----------------------------------------------------------------------------------------------------------------------------------------------

Power Report

Table of Contents
-----------------
1. Summary
1.1 On-Chip Components
1.2 Power Supply Summary
1.3 Confidence Level
2. Settings
2.1 Environment
2.2 Clock Constraints
3. Detailed Reports
3.1 By Hierarchy

1. Summary
----------

+--------------------------+--------------+
| Total On-Chip Power (W)  | 0.204        |
| Design Power Budget (W)  | Unspecified* |
| Power Budget Margin (W)  | NA           |
| Dynamic (W)              | 0.130        |
| Device Static (W)        | 0.074        |
| Effective TJA (C/W)      | 5.0          |
| Max Ambient (C)          | 84.0         |
| Junction Temperature (C) | 26.0         |
| Confidence Level         | Low          |
| Setting File             | ---          |
| Simulation Activity File | ---          |
| Design Nets Matched      | NA           |
+--------------------------+--------------+
* Specify Design Power Budget using, set_operating_conditions -design_power_budget <value in Watts>


1.1 On-Chip Components
----------------------

+--------------------------+-----------+----------+-----------+-----------------+
| On-Chip                  | Power (W) | Used     | Available | Utilization (%) |
+--------------------------+-----------+----------+-----------+-----------------+
| Clocks                   |     0.018 |        8 |       --- |             --- |
| Slice Logic              |     0.002 |    28157 |       --- |             --- |
|   LUT as Logic           |     0.002 |    15339 |     20800 |           73.75 |
|   CARRY4                 |    <0.001 |     2850 |      8150 |           34.97 |
|   Register               |    <0.001 |     5080 |     41600 |           12.21 |
|   LUT as Shift Register  |    <0.001 |      400 |      9600 |            4.17 |
|   F7/F8 Muxes            |    <0.001 |      619 |     32600 |            1.90 |
|   LUT as Distributed RAM |    <0.001 |       24 |      9600 |            0.25 |
|   Others                 |     0.000 |      566 |       --- |             --- |
| Signals                  |     0.003 |    23176 |       --- |             --- |
| Block RAM                |     0.022 |     34.5 |        50 |           69.00 |
| MMCM                     |     0.084 |        1 |         5 |           20.00 |
| DSPs                     |    <0.001 |       13 |        90 |           14.44 |
| I/O                      |    <0.001 |       27 |       106 |           25.47 |
| Static Power             |     0.074 |          |           |                 |
| Total                    |     0.204 |          |           |                 |
+--------------------------+-----------+----------+-----------+-----------------+


1.2 Power Supply Summary
------------------------

+-----------+-------------+-----------+-------------+------------+
| Source    | Voltage (V) | Total (A) | Dynamic (A) | Static (A) |
+-----------+-------------+-----------+-------------+------------+
| Vccint    |       1.000 |     0.055 |       0.044 |      0.011 |
| Vccaux    |       1.800 |     0.059 |       0.047 |      0.013 |
| Vcco33    |       3.300 |     0.001 |       0.000 |      0.001 |
| Vcco25    |       2.500 |     0.000 |       0.000 |      0.000 |
| Vcco18    |       1.800 |     0.000 |       0.000 |      0.000 |
| Vcco15    |       1.500 |     0.000 |       0.000 |      0.000 |
| Vcco135   |       1.350 |     0.000 |       0.000 |      0.000 |
| Vcco12    |       1.200 |     0.000 |       0.000 |      0.000 |
| Vccaux_io |       1.800 |     0.000 |       0.000 |      0.000 |
| Vccbram   |       1.000 |     0.003 |       0.002 |      0.001 |
| MGTAVcc   |       1.000 |     0.000 |       0.000 |      0.000 |
| MGTAVtt   |       1.200 |     0.000 |       0.000 |      0.000 |
| Vccadc    |       1.800 |     0.020 |       0.000 |      0.020 |
+-----------+-------------+-----------+-------------+------------+


1.3 Confidence Level
--------------------

+-----------------------------+------------+--------------------------------------------------------+------------------------------------------------------------------------------------------------------------+
| User Input Data             | Confidence | Details                                                | Action                                                                                                     |
+-----------------------------+------------+--------------------------------------------------------+------------------------------------------------------------------------------------------------------------+
| Design implementation state | High       | Design is routed                                       |                                                                                                            |
| Clock nodes activity        | High       | User specified more than 95% of clocks                 |                                                                                                            |
| I/O nodes activity          | Low        | More than 75% of inputs are missing user specification | Provide missing input activity with simulation results or by editing the "By Resource Type -> I/Os" view   |
| Internal nodes activity     | Medium     | User specified less than 25% of internal nodes         | Provide missing internal nodes activity with simulation results or by editing the "By Resource Type" views |
| Device models               | High       | Device models are Production                           |                                                                                                            |
|                             |            |                                                        |                                                                                                            |
| Overall confidence level    | Low        |                                                        |                                                                                                            |
+-----------------------------+------------+--------------------------------------------------------+------------------------------------------------------------------------------------------------------------+


2. Settings
-----------

2.1 Environment
---------------

+-----------------------+--------------------------+
| Ambient Temp (C)      | 25.0                     |
| ThetaJA (C/W)         | 5.0                      |
| Airflow (LFM)         | 250                      |
| Heat Sink             | medium (Medium Profile)  |
| ThetaSA (C/W)         | 4.6                      |
| Board Selection       | medium (10"x10")         |
| # of Board Layers     | 12to15 (12 to 15 Layers) |
| Board Temperature (C) | 25.0                     |
+-----------------------+--------------------------+


2.2 Clock Constraints
---------------------

+--------------------------------------------------------------------------------------------+----------------------------------------------------------------------+-----------------+
| Clock                                                                                      | Domain                                                               | Constraint (ns) |
+--------------------------------------------------------------------------------------------+----------------------------------------------------------------------+-----------------+
| CLK                                                                                        | CLK                                                                  |            83.3 |
| clk_out1_clk_10M                                                                           | clk_10M_1/inst/clk_out1_clk_10M                                      |           100.0 |
| clk_out2_clk_10M                                                                           | clk_10M_1/inst/clk_out2_clk_10M                                      |            10.0 |
| clk_out3_clk_10M                                                                           | clk_10M_1/inst/clk_out3_clk_10M                                      |            90.0 |
| clkfbout_clk_10M                                                                           | clk_10M_1/inst/clkfbout_clk_10M                                      |            83.3 |
| dbg_hub/inst/BSCANID.u_xsdbm_id/SWITCH_N_EXT_BSCAN.bscan_inst/SERIES7_BSCAN.bscan_inst/TCK | dbg_hub/inst/BSCANID.u_xsdbm_id/SWITCH_N_EXT_BSCAN.bscan_inst/tck_bs |            33.0 |
+--------------------------------------------------------------------------------------------+----------------------------------------------------------------------+-----------------+


3. Detailed Reports
-------------------

3.1 By Hierarchy
----------------

+--------------------------------------------------------------------------------------+-----------+
| Name                                                                                 | Power (W) |
+--------------------------------------------------------------------------------------+-----------+
| robot_A7                                                                             |     0.130 |
|   DJ_DATA_ROM                                                                        |    <0.001 |
|     U0                                                                               |    <0.001 |
|       synth_options.dist_mem_inst                                                    |    <0.001 |
|         gen_rom.rom_inst                                                             |    <0.001 |
|   UART_DATA_FIFO1                                                                    |    <0.001 |
|     U0                                                                               |    <0.001 |
|       inst_fifo_gen                                                                  |    <0.001 |
|         gconvfifo.rf                                                                 |    <0.001 |
|           grf.rf                                                                     |    <0.001 |
|             gntv_or_sync_fifo.gcx.clkx                                               |    <0.001 |
|               rd_pntr_cdc_inst                                                       |    <0.001 |
|               wr_pntr_cdc_inst                                                       |    <0.001 |
|             gntv_or_sync_fifo.gl0.rd                                                 |    <0.001 |
|               gras.rsts                                                              |    <0.001 |
|               rpntr                                                                  |    <0.001 |
|             gntv_or_sync_fifo.gl0.wr                                                 |    <0.001 |
|               gwas.wsts                                                              |    <0.001 |
|               wpntr                                                                  |    <0.001 |
|             gntv_or_sync_fifo.mem                                                    |    <0.001 |
|               gbm.gbmg.gbmga.ngecc.bmg                                               |    <0.001 |
|                 inst_blk_mem_gen                                                     |    <0.001 |
|                   gnbram.gnativebmg.native_blk_mem_gen                               |    <0.001 |
|                     valid.cstr                                                       |    <0.001 |
|                       ramloop[0].ram.r                                               |    <0.001 |
|                         prim_noinit.ram                                              |    <0.001 |
|             rstblk                                                                   |    <0.001 |
|               ngwrdrst.grst.g7serrst.gnsckt_wrst.gic_rst.rst_rd_reg2_inst            |    <0.001 |
|               ngwrdrst.grst.g7serrst.gnsckt_wrst.gic_rst.xpm_cdc_single_inst_rrst_wr |    <0.001 |
|               ngwrdrst.grst.g7serrst.gnsckt_wrst.gic_rst.xpm_cdc_single_inst_wrst_rd |    <0.001 |
|               ngwrdrst.grst.g7serrst.gnsckt_wrst.rst_wr_reg2_inst                    |    <0.001 |
|   clk_10M_1                                                                          |     0.084 |
|     inst                                                                             |     0.084 |
|   control1                                                                           |    <0.001 |
|   dbg_hub                                                                            |     0.003 |
|     inst                                                                             |     0.003 |
|       BSCANID.u_xsdbm_id                                                             |     0.003 |
|         CORE_XSDB.UUT_MASTER                                                         |     0.002 |
|           U_ICON_INTERFACE                                                           |     0.001 |
|             U_CMD1                                                                   |    <0.001 |
|             U_CMD2                                                                   |    <0.001 |
|             U_CMD3                                                                   |    <0.001 |
|             U_CMD4                                                                   |    <0.001 |
|             U_CMD5                                                                   |    <0.001 |
|             U_CMD6_RD                                                                |    <0.001 |
|               U_RD_FIFO                                                              |    <0.001 |
|                 SUBCORE_FIFO.xsdbm_v3_0_0_rdfifo_inst                                |    <0.001 |
|                   inst_fifo_gen                                                      |    <0.001 |
|                     gconvfifo.rf                                                     |    <0.001 |
|                       grf.rf                                                         |    <0.001 |
|                         gntv_or_sync_fifo.gcx.clkx                                   |    <0.001 |
|                           gnxpm_cdc.gsync_stage[1].rd_stg_inst                       |    <0.001 |
|                           gnxpm_cdc.gsync_stage[1].wr_stg_inst                       |    <0.001 |
|                           gnxpm_cdc.gsync_stage[2].rd_stg_inst                       |    <0.001 |
|                           gnxpm_cdc.gsync_stage[2].wr_stg_inst                       |    <0.001 |
|                         gntv_or_sync_fifo.gl0.rd                                     |    <0.001 |
|                           gr1.gr1_int.rfwft                                          |    <0.001 |
|                           gras.rsts                                                  |    <0.001 |
|                           rpntr                                                      |    <0.001 |
|                         gntv_or_sync_fifo.gl0.wr                                     |    <0.001 |
|                           gwas.wsts                                                  |    <0.001 |
|                           wpntr                                                      |    <0.001 |
|                         gntv_or_sync_fifo.mem                                        |    <0.001 |
|                           gdm.dm_gen.dm                                              |    <0.001 |
|                             RAM_reg_0_15_0_5                                         |    <0.001 |
|                             RAM_reg_0_15_12_15                                       |    <0.001 |
|                             RAM_reg_0_15_6_11                                        |    <0.001 |
|                         rstblk                                                       |    <0.001 |
|                           ngwrdrst.grst.g7serrst.gwrrd_rst_sync_stage[1].rrst_inst   |    <0.001 |
|                           ngwrdrst.grst.g7serrst.gwrrd_rst_sync_stage[1].wrst_inst   |    <0.001 |
|                           ngwrdrst.grst.g7serrst.gwrrd_rst_sync_stage[2].rrst_inst   |    <0.001 |
|                           ngwrdrst.grst.g7serrst.gwrrd_rst_sync_stage[2].wrst_inst   |    <0.001 |
|             U_CMD6_WR                                                                |    <0.001 |
|               U_WR_FIFO                                                              |    <0.001 |
|                 SUBCORE_FIFO.xsdbm_v3_0_0_wrfifo_inst                                |    <0.001 |
|                   inst_fifo_gen                                                      |    <0.001 |
|                     gconvfifo.rf                                                     |    <0.001 |
|                       grf.rf                                                         |    <0.001 |
|                         gntv_or_sync_fifo.gcx.clkx                                   |    <0.001 |
|                           gnxpm_cdc.gsync_stage[1].rd_stg_inst                       |    <0.001 |
|                           gnxpm_cdc.gsync_stage[1].wr_stg_inst                       |    <0.001 |
|                           gnxpm_cdc.gsync_stage[2].rd_stg_inst                       |    <0.001 |
|                           gnxpm_cdc.gsync_stage[2].wr_stg_inst                       |    <0.001 |
|                         gntv_or_sync_fifo.gl0.rd                                     |    <0.001 |
|                           gras.rsts                                                  |    <0.001 |
|                           rpntr                                                      |    <0.001 |
|                         gntv_or_sync_fifo.gl0.wr                                     |    <0.001 |
|                           gwas.wsts                                                  |    <0.001 |
|                           wpntr                                                      |    <0.001 |
|                         gntv_or_sync_fifo.mem                                        |    <0.001 |
|                           gdm.dm_gen.dm                                              |    <0.001 |
|                             RAM_reg_0_15_0_5                                         |    <0.001 |
|                             RAM_reg_0_15_12_15                                       |    <0.001 |
|                             RAM_reg_0_15_6_11                                        |    <0.001 |
|                         rstblk                                                       |    <0.001 |
|                           ngwrdrst.grst.g7serrst.gwrrd_rst_sync_stage[1].rrst_inst   |    <0.001 |
|                           ngwrdrst.grst.g7serrst.gwrrd_rst_sync_stage[1].wrst_inst   |    <0.001 |
|                           ngwrdrst.grst.g7serrst.gwrrd_rst_sync_stage[2].rrst_inst   |    <0.001 |
|                           ngwrdrst.grst.g7serrst.gwrrd_rst_sync_stage[2].wrst_inst   |    <0.001 |
|             U_CMD7_CTL                                                               |    <0.001 |
|             U_CMD7_STAT                                                              |    <0.001 |
|             U_STATIC_STATUS                                                          |    <0.001 |
|           U_XSDB_ADDRESS_CONTROLLER                                                  |    <0.001 |
|           U_XSDB_BURST_WD_LEN_CONTROLLER                                             |    <0.001 |
|           U_XSDB_BUS_CONTROLLER                                                      |    <0.001 |
|             U_RD_ABORT_FLAG                                                          |    <0.001 |
|             U_RD_REQ_FLAG                                                            |    <0.001 |
|             U_TIMER                                                                  |    <0.001 |
|           U_XSDB_BUS_MSTR2SL_PORT_IFACE                                              |    <0.001 |
|         CORE_XSDB.U_ICON                                                             |    <0.001 |
|           U_CMD                                                                      |    <0.001 |
|           U_STAT                                                                     |    <0.001 |
|           U_SYNC                                                                     |    <0.001 |
|         SWITCH_N_EXT_BSCAN.bscan_inst                                                |    <0.001 |
|         SWITCH_N_EXT_BSCAN.bscan_switch                                              |    <0.001 |
|   u_ila_0                                                                            |     0.038 |
|     inst                                                                             |     0.038 |
|       ila_core_inst                                                                  |     0.038 |
|         ila_trace_memory_inst                                                        |     0.022 |
|           SUBCORE_RAM_BLK_MEM_1.trace_block_memory                                   |     0.022 |
|             inst_blk_mem_gen                                                         |     0.022 |
|               gnbram.gnativebmg.native_blk_mem_gen                                   |     0.022 |
|                 valid.cstr                                                           |     0.022 |
|                   ramloop[0].ram.r                                                   |    <0.001 |
|                     prim_noinit.ram                                                  |    <0.001 |
|                   ramloop[10].ram.r                                                  |    <0.001 |
|                     prim_noinit.ram                                                  |    <0.001 |
|                   ramloop[11].ram.r                                                  |    <0.001 |
|                     prim_noinit.ram                                                  |    <0.001 |
|                   ramloop[12].ram.r                                                  |    <0.001 |
|                     prim_noinit.ram                                                  |    <0.001 |
|                   ramloop[13].ram.r                                                  |    <0.001 |
|                     prim_noinit.ram                                                  |    <0.001 |
|                   ramloop[14].ram.r                                                  |    <0.001 |
|                     prim_noinit.ram                                                  |    <0.001 |
|                   ramloop[15].ram.r                                                  |    <0.001 |
|                     prim_noinit.ram                                                  |    <0.001 |
|                   ramloop[16].ram.r                                                  |    <0.001 |
|                     prim_noinit.ram                                                  |    <0.001 |
|                   ramloop[17].ram.r                                                  |    <0.001 |
|                     prim_noinit.ram                                                  |    <0.001 |
|                   ramloop[18].ram.r                                                  |    <0.001 |
|                     prim_noinit.ram                                                  |    <0.001 |
|                   ramloop[19].ram.r                                                  |    <0.001 |
|                     prim_noinit.ram                                                  |    <0.001 |
|                   ramloop[1].ram.r                                                   |    <0.001 |
|                     prim_noinit.ram                                                  |    <0.001 |
|                   ramloop[20].ram.r                                                  |    <0.001 |
|                     prim_noinit.ram                                                  |    <0.001 |
|                   ramloop[21].ram.r                                                  |    <0.001 |
|                     prim_noinit.ram                                                  |    <0.001 |
|                   ramloop[22].ram.r                                                  |    <0.001 |
|                     prim_noinit.ram                                                  |    <0.001 |
|                   ramloop[23].ram.r                                                  |    <0.001 |
|                     prim_noinit.ram                                                  |    <0.001 |
|                   ramloop[24].ram.r                                                  |    <0.001 |
|                     prim_noinit.ram                                                  |    <0.001 |
|                   ramloop[25].ram.r                                                  |    <0.001 |
|                     prim_noinit.ram                                                  |    <0.001 |
|                   ramloop[26].ram.r                                                  |    <0.001 |
|                     prim_noinit.ram                                                  |    <0.001 |
|                   ramloop[27].ram.r                                                  |    <0.001 |
|                     prim_noinit.ram                                                  |    <0.001 |
|                   ramloop[28].ram.r                                                  |    <0.001 |
|                     prim_noinit.ram                                                  |    <0.001 |
|                   ramloop[29].ram.r                                                  |    <0.001 |
|                     prim_noinit.ram                                                  |    <0.001 |
|                   ramloop[2].ram.r                                                   |    <0.001 |
|                     prim_noinit.ram                                                  |    <0.001 |
|                   ramloop[30].ram.r                                                  |    <0.001 |
|                     prim_noinit.ram                                                  |    <0.001 |
|                   ramloop[31].ram.r                                                  |    <0.001 |
|                     prim_noinit.ram                                                  |    <0.001 |
|                   ramloop[32].ram.r                                                  |    <0.001 |
|                     prim_noinit.ram                                                  |    <0.001 |
|                   ramloop[33].ram.r                                                  |    <0.001 |
|                     prim_noinit.ram                                                  |    <0.001 |
|                   ramloop[3].ram.r                                                   |    <0.001 |
|                     prim_noinit.ram                                                  |    <0.001 |
|                   ramloop[4].ram.r                                                   |    <0.001 |
|                     prim_noinit.ram                                                  |    <0.001 |
|                   ramloop[5].ram.r                                                   |    <0.001 |
|                     prim_noinit.ram                                                  |    <0.001 |
|                   ramloop[6].ram.r                                                   |    <0.001 |
|                     prim_noinit.ram                                                  |    <0.001 |
|                   ramloop[7].ram.r                                                   |    <0.001 |
|                     prim_noinit.ram                                                  |    <0.001 |
|                   ramloop[8].ram.r                                                   |    <0.001 |
|                     prim_noinit.ram                                                  |    <0.001 |
|                   ramloop[9].ram.r                                                   |    <0.001 |
|                     prim_noinit.ram                                                  |    <0.001 |
|         u_ila_cap_ctrl                                                               |     0.001 |
|           U_CDONE                                                                    |    <0.001 |
|           U_NS0                                                                      |    <0.001 |
|           U_NS1                                                                      |    <0.001 |
|           u_cap_addrgen                                                              |     0.001 |
|             U_CMPRESET                                                               |    <0.001 |
|             u_cap_sample_counter                                                     |    <0.001 |
|               U_SCE                                                                  |    <0.001 |
|               U_SCMPCE                                                               |    <0.001 |
|               U_SCRST                                                                |    <0.001 |
|               u_scnt_cmp                                                             |    <0.001 |
|                 allx_typeA_match_detection.ltlib_v1_0_0_allx_typeA_inst              |    <0.001 |
|                   DUT                                                                |    <0.001 |
|                     I_WHOLE_SLICE.G_SLICE_IDX[0].U_ALL_SRL_SLICE                     |    <0.001 |
|                       u_srlA                                                         |    <0.001 |
|                       u_srlB                                                         |    <0.001 |
|                       u_srlC                                                         |    <0.001 |
|                       u_srlD                                                         |    <0.001 |
|                     I_WHOLE_SLICE.G_SLICE_IDX[1].U_ALL_SRL_SLICE                     |    <0.001 |
|                       u_srlA                                                         |    <0.001 |
|                       u_srlB                                                         |    <0.001 |
|                       u_srlC                                                         |    <0.001 |
|                       u_srlD                                                         |    <0.001 |
|             u_cap_window_counter                                                     |    <0.001 |
|               U_WCE                                                                  |    <0.001 |
|               U_WHCMPCE                                                              |    <0.001 |
|               U_WLCMPCE                                                              |    <0.001 |
|               u_wcnt_hcmp                                                            |    <0.001 |
|                 allx_typeA_match_detection.ltlib_v1_0_0_allx_typeA_inst              |    <0.001 |
|                   DUT                                                                |    <0.001 |
|                     I_WHOLE_SLICE.G_SLICE_IDX[0].U_ALL_SRL_SLICE                     |    <0.001 |
|                       u_srlA                                                         |    <0.001 |
|                       u_srlB                                                         |    <0.001 |
|                       u_srlC                                                         |    <0.001 |
|                       u_srlD                                                         |    <0.001 |
|                     I_WHOLE_SLICE.G_SLICE_IDX[1].U_ALL_SRL_SLICE                     |    <0.001 |
|                       u_srlA                                                         |    <0.001 |
|                       u_srlB                                                         |    <0.001 |
|                       u_srlC                                                         |    <0.001 |
|                       u_srlD                                                         |    <0.001 |
|               u_wcnt_lcmp                                                            |    <0.001 |
|                 allx_typeA_match_detection.ltlib_v1_0_0_allx_typeA_inst              |    <0.001 |
|                   DUT                                                                |    <0.001 |
|                     I_WHOLE_SLICE.G_SLICE_IDX[0].U_ALL_SRL_SLICE                     |    <0.001 |
|                       u_srlA                                                         |    <0.001 |
|                       u_srlB                                                         |    <0.001 |
|                       u_srlC                                                         |    <0.001 |
|                       u_srlD                                                         |    <0.001 |
|                     I_WHOLE_SLICE.G_SLICE_IDX[1].U_ALL_SRL_SLICE                     |    <0.001 |
|                       u_srlA                                                         |    <0.001 |
|                       u_srlB                                                         |    <0.001 |
|                       u_srlC                                                         |    <0.001 |
|                       u_srlD                                                         |    <0.001 |
|         u_ila_regs                                                                   |     0.007 |
|           MU_SRL[0].mu_srl_reg                                                       |    <0.001 |
|           MU_SRL[10].mu_srl_reg                                                      |    <0.001 |
|           MU_SRL[11].mu_srl_reg                                                      |    <0.001 |
|           MU_SRL[12].mu_srl_reg                                                      |    <0.001 |
|           MU_SRL[13].mu_srl_reg                                                      |    <0.001 |
|           MU_SRL[14].mu_srl_reg                                                      |    <0.001 |
|           MU_SRL[15].mu_srl_reg                                                      |    <0.001 |
|           MU_SRL[16].mu_srl_reg                                                      |    <0.001 |
|           MU_SRL[17].mu_srl_reg                                                      |    <0.001 |
|           MU_SRL[18].mu_srl_reg                                                      |    <0.001 |
|           MU_SRL[19].mu_srl_reg                                                      |    <0.001 |
|           MU_SRL[1].mu_srl_reg                                                       |    <0.001 |
|           MU_SRL[20].mu_srl_reg                                                      |    <0.001 |
|           MU_SRL[21].mu_srl_reg                                                      |    <0.001 |
|           MU_SRL[2].mu_srl_reg                                                       |    <0.001 |
|           MU_SRL[3].mu_srl_reg                                                       |    <0.001 |
|           MU_SRL[4].mu_srl_reg                                                       |    <0.001 |
|           MU_SRL[5].mu_srl_reg                                                       |    <0.001 |
|           MU_SRL[6].mu_srl_reg                                                       |    <0.001 |
|           MU_SRL[7].mu_srl_reg                                                       |    <0.001 |
|           MU_SRL[8].mu_srl_reg                                                       |    <0.001 |
|           MU_SRL[9].mu_srl_reg                                                       |    <0.001 |
|           TC_SRL[0].tc_srl_reg                                                       |    <0.001 |
|           U_XSDB_SLAVE                                                               |     0.001 |
|           reg_15                                                                     |    <0.001 |
|             I_EN_CTL_EQ1.U_CTL                                                       |    <0.001 |
|           reg_16                                                                     |    <0.001 |
|             I_EN_CTL_EQ1.U_CTL                                                       |    <0.001 |
|           reg_17                                                                     |    <0.001 |
|             I_EN_CTL_EQ1.U_CTL                                                       |    <0.001 |
|           reg_18                                                                     |    <0.001 |
|             I_EN_CTL_EQ1.U_CTL                                                       |    <0.001 |
|           reg_19                                                                     |    <0.001 |
|             I_EN_CTL_EQ1.U_CTL                                                       |    <0.001 |
|           reg_1a                                                                     |    <0.001 |
|             I_EN_CTL_EQ1.U_CTL                                                       |    <0.001 |
|           reg_6                                                                      |    <0.001 |
|             I_EN_CTL_EQ1.U_CTL                                                       |    <0.001 |
|           reg_7                                                                      |    <0.001 |
|             I_EN_CTL_EQ1.U_CTL                                                       |    <0.001 |
|           reg_8                                                                      |    <0.001 |
|             I_EN_STAT_EQ1.U_STAT                                                     |    <0.001 |
|           reg_80                                                                     |    <0.001 |
|             I_EN_CTL_EQ1.U_CTL                                                       |    <0.001 |
|           reg_81                                                                     |    <0.001 |
|             I_EN_CTL_EQ1.U_CTL                                                       |    <0.001 |
|           reg_82                                                                     |    <0.001 |
|             I_EN_CTL_EQ1.U_CTL                                                       |    <0.001 |
|           reg_83                                                                     |    <0.001 |
|             I_EN_CTL_EQ1.U_CTL                                                       |    <0.001 |
|           reg_84                                                                     |    <0.001 |
|             I_EN_CTL_EQ1.U_CTL                                                       |    <0.001 |
|           reg_85                                                                     |    <0.001 |
|             I_EN_CTL_EQ1.U_CTL                                                       |    <0.001 |
|           reg_887                                                                    |    <0.001 |
|             I_EN_STAT_EQ1.U_STAT                                                     |    <0.001 |
|           reg_88d                                                                    |    <0.001 |
|             I_EN_STAT_EQ1.U_STAT                                                     |    <0.001 |
|           reg_890                                                                    |    <0.001 |
|             I_EN_STAT_EQ1.U_STAT                                                     |    <0.001 |
|           reg_9                                                                      |    <0.001 |
|             I_EN_STAT_EQ1.U_STAT                                                     |    <0.001 |
|           reg_srl_fff                                                                |    <0.001 |
|           reg_stream_ffd                                                             |    <0.001 |
|             I_EN_CTL_EQ1.U_CTL                                                       |    <0.001 |
|           reg_stream_ffe                                                             |    <0.001 |
|             I_EN_STAT_EQ1.U_STAT                                                     |    <0.001 |
|         u_ila_reset_ctrl                                                             |    <0.001 |
|           arm_detection_inst                                                         |    <0.001 |
|           asyncrounous_transfer.arm_in_transfer_inst                                 |    <0.001 |
|           asyncrounous_transfer.arm_out_transfer_inst                                |    <0.001 |
|           asyncrounous_transfer.halt_in_transfer_inst                                |    <0.001 |
|           asyncrounous_transfer.halt_out_transfer_inst                               |    <0.001 |
|           halt_detection_inst                                                        |    <0.001 |
|         u_trig                                                                       |     0.004 |
|           N_DDR_TC.N_DDR_TC_INST[0].U_TC                                             |    <0.001 |
|             allx_typeA_match_detection.ltlib_v1_0_0_allx_typeA_inst                  |    <0.001 |
|               DUT                                                                    |    <0.001 |
|                 I_WHOLE_SLICE.G_SLICE_IDX[0].U_ALL_SRL_SLICE                         |    <0.001 |
|                   u_srlA                                                             |    <0.001 |
|                   u_srlB                                                             |    <0.001 |
|                   u_srlC                                                             |    <0.001 |
|                   u_srlD                                                             |    <0.001 |
|                 I_WHOLE_SLICE.G_SLICE_IDX[1].U_ALL_SRL_SLICE                         |    <0.001 |
|                   u_srlA                                                             |    <0.001 |
|                   u_srlB                                                             |    <0.001 |
|                   u_srlC                                                             |    <0.001 |
|                   u_srlD                                                             |    <0.001 |
|                 I_WHOLE_SLICE.G_SLICE_IDX[2].U_ALL_SRL_SLICE                         |    <0.001 |
|                   u_srlA                                                             |    <0.001 |
|                   u_srlB                                                             |    <0.001 |
|                   u_srlC                                                             |    <0.001 |
|                   u_srlD                                                             |    <0.001 |
|           U_TM                                                                       |     0.004 |
|             N_DDR_MODE.G_NMU[0].U_M                                                  |    <0.001 |
|               allx_typeA_match_detection.ltlib_v1_0_0_allx_typeA_inst                |    <0.001 |
|                 DUT                                                                  |    <0.001 |
|                   I_WHOLE_SLICE.G_SLICE_IDX[0].U_ALL_SRL_SLICE                       |    <0.001 |
|                     u_srlA                                                           |    <0.001 |
|                     u_srlB                                                           |    <0.001 |
|                     u_srlC                                                           |    <0.001 |
|                     u_srlD                                                           |    <0.001 |
|             N_DDR_MODE.G_NMU[10].U_M                                                 |    <0.001 |
|               allx_typeA_match_detection.ltlib_v1_0_0_allx_typeA_inst                |    <0.001 |
|                 DUT                                                                  |    <0.001 |
|                   I_WHOLE_SLICE.G_SLICE_IDX[0].U_ALL_SRL_SLICE                       |    <0.001 |
|                     u_srlA                                                           |    <0.001 |
|                     u_srlB                                                           |    <0.001 |
|                     u_srlC                                                           |    <0.001 |
|                     u_srlD                                                           |    <0.001 |
|                   I_WHOLE_SLICE.G_SLICE_IDX[1].U_ALL_SRL_SLICE                       |    <0.001 |
|                     u_srlA                                                           |    <0.001 |
|                     u_srlB                                                           |    <0.001 |
|                     u_srlC                                                           |    <0.001 |
|                     u_srlD                                                           |    <0.001 |
|             N_DDR_MODE.G_NMU[11].U_M                                                 |    <0.001 |
|               allx_typeA_match_detection.ltlib_v1_0_0_allx_typeA_inst                |    <0.001 |
|                 DUT                                                                  |    <0.001 |
|                   I_WHOLE_SLICE.G_SLICE_IDX[0].U_ALL_SRL_SLICE                       |    <0.001 |
|                     u_srlA                                                           |    <0.001 |
|                     u_srlB                                                           |    <0.001 |
|                     u_srlC                                                           |    <0.001 |
|                     u_srlD                                                           |    <0.001 |
|                   I_WHOLE_SLICE.G_SLICE_IDX[1].U_ALL_SRL_SLICE                       |    <0.001 |
|                     u_srlA                                                           |    <0.001 |
|                     u_srlB                                                           |    <0.001 |
|                     u_srlC                                                           |    <0.001 |
|                     u_srlD                                                           |    <0.001 |
|             N_DDR_MODE.G_NMU[12].U_M                                                 |    <0.001 |
|               allx_typeA_match_detection.ltlib_v1_0_0_allx_typeA_inst                |    <0.001 |
|                 DUT                                                                  |    <0.001 |
|                   I_WHOLE_SLICE.G_SLICE_IDX[0].U_ALL_SRL_SLICE                       |    <0.001 |
|                     u_srlA                                                           |    <0.001 |
|                     u_srlB                                                           |    <0.001 |
|                     u_srlC                                                           |    <0.001 |
|                     u_srlD                                                           |    <0.001 |
|                   I_WHOLE_SLICE.G_SLICE_IDX[1].U_ALL_SRL_SLICE                       |    <0.001 |
|                     u_srlA                                                           |    <0.001 |
|                     u_srlB                                                           |    <0.001 |
|                     u_srlC                                                           |    <0.001 |
|                     u_srlD                                                           |    <0.001 |
|             N_DDR_MODE.G_NMU[13].U_M                                                 |    <0.001 |
|               allx_typeA_match_detection.ltlib_v1_0_0_allx_typeA_inst                |    <0.001 |
|                 DUT                                                                  |    <0.001 |
|                   I_WHOLE_SLICE.G_SLICE_IDX[0].U_ALL_SRL_SLICE                       |    <0.001 |
|                     u_srlA                                                           |    <0.001 |
|                     u_srlB                                                           |    <0.001 |
|                     u_srlC                                                           |    <0.001 |
|                     u_srlD                                                           |    <0.001 |
|                   I_WHOLE_SLICE.G_SLICE_IDX[1].U_ALL_SRL_SLICE                       |    <0.001 |
|                     u_srlA                                                           |    <0.001 |
|                     u_srlB                                                           |    <0.001 |
|                     u_srlC                                                           |    <0.001 |
|                     u_srlD                                                           |    <0.001 |
|             N_DDR_MODE.G_NMU[14].U_M                                                 |    <0.001 |
|               allx_typeA_match_detection.ltlib_v1_0_0_allx_typeA_inst                |    <0.001 |
|                 DUT                                                                  |    <0.001 |
|                   I_WHOLE_SLICE.G_SLICE_IDX[0].U_ALL_SRL_SLICE                       |    <0.001 |
|                     u_srlA                                                           |    <0.001 |
|                     u_srlB                                                           |    <0.001 |
|                     u_srlC                                                           |    <0.001 |
|                     u_srlD                                                           |    <0.001 |
|                   I_WHOLE_SLICE.G_SLICE_IDX[1].U_ALL_SRL_SLICE                       |    <0.001 |
|                     u_srlA                                                           |    <0.001 |
|                     u_srlB                                                           |    <0.001 |
|                     u_srlC                                                           |    <0.001 |
|                     u_srlD                                                           |    <0.001 |
|             N_DDR_MODE.G_NMU[15].U_M                                                 |    <0.001 |
|               allx_typeA_match_detection.ltlib_v1_0_0_allx_typeA_inst                |    <0.001 |
|                 DUT                                                                  |    <0.001 |
|                   I_WHOLE_SLICE.G_SLICE_IDX[0].U_ALL_SRL_SLICE                       |    <0.001 |
|                     u_srlA                                                           |    <0.001 |
|                     u_srlB                                                           |    <0.001 |
|                     u_srlC                                                           |    <0.001 |
|                     u_srlD                                                           |    <0.001 |
|                   I_WHOLE_SLICE.G_SLICE_IDX[1].U_ALL_SRL_SLICE                       |    <0.001 |
|                     u_srlA                                                           |    <0.001 |
|                     u_srlB                                                           |    <0.001 |
|                     u_srlC                                                           |    <0.001 |
|                     u_srlD                                                           |    <0.001 |
|             N_DDR_MODE.G_NMU[16].U_M                                                 |    <0.001 |
|               allx_typeA_match_detection.ltlib_v1_0_0_allx_typeA_inst                |    <0.001 |
|                 DUT                                                                  |    <0.001 |
|                   I_WHOLE_SLICE.G_SLICE_IDX[0].U_ALL_SRL_SLICE                       |    <0.001 |
|                     u_srlA                                                           |    <0.001 |
|                     u_srlB                                                           |    <0.001 |
|                     u_srlC                                                           |    <0.001 |
|                     u_srlD                                                           |    <0.001 |
|                   I_WHOLE_SLICE.G_SLICE_IDX[1].U_ALL_SRL_SLICE                       |    <0.001 |
|                     u_srlA                                                           |    <0.001 |
|                     u_srlB                                                           |    <0.001 |
|                     u_srlC                                                           |    <0.001 |
|                     u_srlD                                                           |    <0.001 |
|             N_DDR_MODE.G_NMU[17].U_M                                                 |    <0.001 |
|               allx_typeA_match_detection.ltlib_v1_0_0_allx_typeA_inst                |    <0.001 |
|                 DUT                                                                  |    <0.001 |
|                   I_WHOLE_SLICE.G_SLICE_IDX[0].U_ALL_SRL_SLICE                       |    <0.001 |
|                     u_srlA                                                           |    <0.001 |
|                     u_srlB                                                           |    <0.001 |
|                     u_srlC                                                           |    <0.001 |
|                     u_srlD                                                           |    <0.001 |
|                   I_WHOLE_SLICE.G_SLICE_IDX[1].U_ALL_SRL_SLICE                       |    <0.001 |
|                     u_srlA                                                           |    <0.001 |
|                     u_srlB                                                           |    <0.001 |
|                     u_srlC                                                           |    <0.001 |
|                     u_srlD                                                           |    <0.001 |
|             N_DDR_MODE.G_NMU[18].U_M                                                 |    <0.001 |
|               allx_typeA_match_detection.ltlib_v1_0_0_allx_typeA_inst                |    <0.001 |
|                 DUT                                                                  |    <0.001 |
|                   I_WHOLE_SLICE.G_SLICE_IDX[0].U_ALL_SRL_SLICE                       |    <0.001 |
|                     u_srlA                                                           |    <0.001 |
|                     u_srlB                                                           |    <0.001 |
|                     u_srlC                                                           |    <0.001 |
|                     u_srlD                                                           |    <0.001 |
|             N_DDR_MODE.G_NMU[19].U_M                                                 |    <0.001 |
|               allx_typeA_match_detection.ltlib_v1_0_0_allx_typeA_inst                |    <0.001 |
|                 DUT                                                                  |    <0.001 |
|                   I_WHOLE_SLICE.G_SLICE_IDX[0].U_ALL_SRL_SLICE                       |    <0.001 |
|                     u_srlA                                                           |    <0.001 |
|                     u_srlB                                                           |    <0.001 |
|                     u_srlC                                                           |    <0.001 |
|                     u_srlD                                                           |    <0.001 |
|                   I_WHOLE_SLICE.G_SLICE_IDX[1].U_ALL_SRL_SLICE                       |    <0.001 |
|                     u_srlA                                                           |    <0.001 |
|                     u_srlB                                                           |    <0.001 |
|                     u_srlC                                                           |    <0.001 |
|                     u_srlD                                                           |    <0.001 |
|             N_DDR_MODE.G_NMU[1].U_M                                                  |    <0.001 |
|               allx_typeA_match_detection.ltlib_v1_0_0_allx_typeA_inst                |    <0.001 |
|                 DUT                                                                  |    <0.001 |
|                   I_WHOLE_SLICE.G_SLICE_IDX[0].U_ALL_SRL_SLICE                       |    <0.001 |
|                     u_srlA                                                           |    <0.001 |
|                     u_srlB                                                           |    <0.001 |
|                     u_srlC                                                           |    <0.001 |
|                     u_srlD                                                           |    <0.001 |
|                   I_WHOLE_SLICE.G_SLICE_IDX[1].U_ALL_SRL_SLICE                       |    <0.001 |
|                     u_srlA                                                           |    <0.001 |
|                     u_srlB                                                           |    <0.001 |
|                     u_srlC                                                           |    <0.001 |
|                     u_srlD                                                           |    <0.001 |
|             N_DDR_MODE.G_NMU[20].U_M                                                 |    <0.001 |
|               allx_typeA_match_detection.ltlib_v1_0_0_allx_typeA_inst                |    <0.001 |
|                 DUT                                                                  |    <0.001 |
|                   I_WHOLE_SLICE.G_SLICE_IDX[0].U_ALL_SRL_SLICE                       |    <0.001 |
|                     u_srlA                                                           |    <0.001 |
|                     u_srlB                                                           |    <0.001 |
|                     u_srlC                                                           |    <0.001 |
|                     u_srlD                                                           |    <0.001 |
|             N_DDR_MODE.G_NMU[21].U_M                                                 |    <0.001 |
|               allx_typeA_match_detection.ltlib_v1_0_0_allx_typeA_inst                |    <0.001 |
|                 DUT                                                                  |    <0.001 |
|                   I_WHOLE_SLICE.G_SLICE_IDX[0].U_ALL_SRL_SLICE                       |    <0.001 |
|                     u_srlA                                                           |    <0.001 |
|                     u_srlB                                                           |    <0.001 |
|                     u_srlC                                                           |    <0.001 |
|                     u_srlD                                                           |    <0.001 |
|             N_DDR_MODE.G_NMU[2].U_M                                                  |    <0.001 |
|               allx_typeA_match_detection.ltlib_v1_0_0_allx_typeA_inst                |    <0.001 |
|                 DUT                                                                  |    <0.001 |
|                   I_WHOLE_SLICE.G_SLICE_IDX[0].U_ALL_SRL_SLICE                       |    <0.001 |
|                     u_srlA                                                           |    <0.001 |
|                     u_srlB                                                           |    <0.001 |
|                     u_srlC                                                           |    <0.001 |
|                     u_srlD                                                           |    <0.001 |
|                   I_WHOLE_SLICE.G_SLICE_IDX[1].U_ALL_SRL_SLICE                       |    <0.001 |
|                     u_srlA                                                           |    <0.001 |
|                     u_srlB                                                           |    <0.001 |
|                     u_srlC                                                           |    <0.001 |
|                     u_srlD                                                           |    <0.001 |
|             N_DDR_MODE.G_NMU[3].U_M                                                  |    <0.001 |
|               allx_typeA_match_detection.ltlib_v1_0_0_allx_typeA_inst                |    <0.001 |
|                 DUT                                                                  |    <0.001 |
|                   I_WHOLE_SLICE.G_SLICE_IDX[0].U_ALL_SRL_SLICE                       |    <0.001 |
|                     u_srlA                                                           |    <0.001 |
|                     u_srlB                                                           |    <0.001 |
|                     u_srlC                                                           |    <0.001 |
|                     u_srlD                                                           |    <0.001 |
|                   I_WHOLE_SLICE.G_SLICE_IDX[1].U_ALL_SRL_SLICE                       |    <0.001 |
|                     u_srlA                                                           |    <0.001 |
|                     u_srlB                                                           |    <0.001 |
|                     u_srlC                                                           |    <0.001 |
|                     u_srlD                                                           |    <0.001 |
|             N_DDR_MODE.G_NMU[4].U_M                                                  |    <0.001 |
|               allx_typeA_match_detection.ltlib_v1_0_0_allx_typeA_inst                |    <0.001 |
|                 DUT                                                                  |    <0.001 |
|                   I_WHOLE_SLICE.G_SLICE_IDX[0].U_ALL_SRL_SLICE                       |    <0.001 |
|                     u_srlA                                                           |    <0.001 |
|                     u_srlB                                                           |    <0.001 |
|                     u_srlC                                                           |    <0.001 |
|                     u_srlD                                                           |    <0.001 |
|                   I_WHOLE_SLICE.G_SLICE_IDX[1].U_ALL_SRL_SLICE                       |    <0.001 |
|                     u_srlA                                                           |    <0.001 |
|                     u_srlB                                                           |    <0.001 |
|                     u_srlC                                                           |    <0.001 |
|                     u_srlD                                                           |    <0.001 |
|             N_DDR_MODE.G_NMU[5].U_M                                                  |    <0.001 |
|               allx_typeA_match_detection.ltlib_v1_0_0_allx_typeA_inst                |    <0.001 |
|                 DUT                                                                  |    <0.001 |
|                   I_WHOLE_SLICE.G_SLICE_IDX[0].U_ALL_SRL_SLICE                       |    <0.001 |
|                     u_srlA                                                           |    <0.001 |
|                     u_srlB                                                           |    <0.001 |
|                     u_srlC                                                           |    <0.001 |
|                     u_srlD                                                           |    <0.001 |
|                   I_WHOLE_SLICE.G_SLICE_IDX[1].U_ALL_SRL_SLICE                       |    <0.001 |
|                     u_srlA                                                           |    <0.001 |
|                     u_srlB                                                           |    <0.001 |
|                     u_srlC                                                           |    <0.001 |
|                     u_srlD                                                           |    <0.001 |
|             N_DDR_MODE.G_NMU[6].U_M                                                  |    <0.001 |
|               allx_typeA_match_detection.ltlib_v1_0_0_allx_typeA_inst                |    <0.001 |
|                 DUT                                                                  |    <0.001 |
|                   I_WHOLE_SLICE.G_SLICE_IDX[0].U_ALL_SRL_SLICE                       |    <0.001 |
|                     u_srlA                                                           |    <0.001 |
|                     u_srlB                                                           |    <0.001 |
|                     u_srlC                                                           |    <0.001 |
|                     u_srlD                                                           |    <0.001 |
|                   I_WHOLE_SLICE.G_SLICE_IDX[1].U_ALL_SRL_SLICE                       |    <0.001 |
|                     u_srlA                                                           |    <0.001 |
|                     u_srlB                                                           |    <0.001 |
|                     u_srlC                                                           |    <0.001 |
|                     u_srlD                                                           |    <0.001 |
|             N_DDR_MODE.G_NMU[7].U_M                                                  |    <0.001 |
|               allx_typeA_match_detection.ltlib_v1_0_0_allx_typeA_inst                |    <0.001 |
|                 DUT                                                                  |    <0.001 |
|                   I_WHOLE_SLICE.G_SLICE_IDX[0].U_ALL_SRL_SLICE                       |    <0.001 |
|                     u_srlA                                                           |    <0.001 |
|                     u_srlB                                                           |    <0.001 |
|                     u_srlC                                                           |    <0.001 |
|                     u_srlD                                                           |    <0.001 |
|                   I_WHOLE_SLICE.G_SLICE_IDX[1].U_ALL_SRL_SLICE                       |    <0.001 |
|                     u_srlA                                                           |    <0.001 |
|                     u_srlB                                                           |    <0.001 |
|                     u_srlC                                                           |    <0.001 |
|                     u_srlD                                                           |    <0.001 |
|             N_DDR_MODE.G_NMU[8].U_M                                                  |    <0.001 |
|               allx_typeA_match_detection.ltlib_v1_0_0_allx_typeA_inst                |    <0.001 |
|                 DUT                                                                  |    <0.001 |
|                   I_WHOLE_SLICE.G_SLICE_IDX[0].U_ALL_SRL_SLICE                       |    <0.001 |
|                     u_srlA                                                           |    <0.001 |
|                     u_srlB                                                           |    <0.001 |
|                     u_srlC                                                           |    <0.001 |
|                     u_srlD                                                           |    <0.001 |
|                   I_WHOLE_SLICE.G_SLICE_IDX[1].U_ALL_SRL_SLICE                       |    <0.001 |
|                     u_srlA                                                           |    <0.001 |
|                     u_srlB                                                           |    <0.001 |
|                     u_srlC                                                           |    <0.001 |
|                     u_srlD                                                           |    <0.001 |
|             N_DDR_MODE.G_NMU[9].U_M                                                  |    <0.001 |
|               allx_typeA_match_detection.ltlib_v1_0_0_allx_typeA_inst                |    <0.001 |
|                 DUT                                                                  |    <0.001 |
|                   I_WHOLE_SLICE.G_SLICE_IDX[0].U_ALL_SRL_SLICE                       |    <0.001 |
|                     u_srlA                                                           |    <0.001 |
|                     u_srlB                                                           |    <0.001 |
|                     u_srlC                                                           |    <0.001 |
|                     u_srlD                                                           |    <0.001 |
|                   I_WHOLE_SLICE.G_SLICE_IDX[1].U_ALL_SRL_SLICE                       |    <0.001 |
|                     u_srlA                                                           |    <0.001 |
|                     u_srlB                                                           |    <0.001 |
|                     u_srlC                                                           |    <0.001 |
|                     u_srlD                                                           |    <0.001 |
|         xsdb_memory_read_inst                                                        |     0.001 |
|   u_uart                                                                             |    <0.001 |
|     inst                                                                             |    <0.001 |
|       CLK_div                                                                        |    <0.001 |
|       RX                                                                             |    <0.001 |
|   u_uart_decode                                                                      |    <0.001 |
+--------------------------------------------------------------------------------------+-----------+


